<?xml version="1.0" encoding="UTF-8"?>
<!-- Generated by org.testng.reporters.JUnitXMLReporter -->
<testsuite hostname="LAPTOP-3TKAIMNN" ignored="1" name="Default test" tests="1" failures="0" timestamp="2020-04-12T14:59:01 PDT" time="3.107" errors="0">
  <testcase name="createBookingWithPOJOTest" time="2.501" classname="com.herokuapp.restfulbooker.CreateBookingTests"/>
  <testcase name="createBookingTest" time="0.0" classname="com.herokuapp.restfulbooker.CreateBookingTests">
    <ignored/>
  </testcase> <!-- createBookingTest -->
</testsuite> <!-- Default test -->
