<?xml version="1.0" encoding="UTF-8"?>
<!-- Generated by org.testng.reporters.JUnitXMLReporter -->
<testsuite hostname="LAPTOP-3TKAIMNN" ignored="0" name="Default test" tests="2" failures="0" timestamp="2020-04-12T12:56:01 PDT" time="3.893" errors="0">
  <testcase name="getBookingIdsWithFilterTest" time="2.611" classname="com.herokuapp.restfulbooker.GetBookingIdsTests"/>
  <testcase name="getBookingIdsWithoutFilterTest" time="0.66" classname="com.herokuapp.restfulbooker.GetBookingIdsTests"/>
</testsuite> <!-- Default test -->
