<?xml version="1.0" encoding="UTF-8"?>
<testng-results skipped="0" failed="0" ignored="1" total="2" passed="1">
  <reporter-output>
  </reporter-output>
  <suite name="Default suite" duration-ms="3107" started-at="2020-04-12T14:58:58 PDT" finished-at="2020-04-12T14:59:01 PDT">
    <groups>
    </groups>
    <test name="Default test" duration-ms="3107" started-at="2020-04-12T14:58:58 PDT" finished-at="2020-04-12T14:59:01 PDT">
      <class name="com.herokuapp.restfulbooker.CreateBookingTests">
        <test-method status="PASS" signature="setUp()[pri:0, instance:com.herokuapp.restfulbooker.CreateBookingTests@2a17b7b6]" name="setUp" is-config="true" duration-ms="570" started-at="2020-04-12T14:58:58 PDT" finished-at="2020-04-12T14:58:59 PDT">
          <reporter-output>
          </reporter-output>
        </test-method> <!-- setUp -->
        <test-method status="PASS" signature="createBookingWithPOJOTest()[pri:0, instance:com.herokuapp.restfulbooker.CreateBookingTests@2a17b7b6]" name="createBookingWithPOJOTest" duration-ms="2501" started-at="2020-04-12T14:58:59 PDT" finished-at="2020-04-12T14:59:01 PDT">
          <reporter-output>
          </reporter-output>
        </test-method> <!-- createBookingWithPOJOTest -->
      </class> <!-- com.herokuapp.restfulbooker.CreateBookingTests -->
    </test> <!-- Default test -->
  </suite> <!-- Default suite -->
</testng-results>
