<?xml version="1.0" encoding="UTF-8"?>
<testng-results skipped="0" failed="0" ignored="1" total="2" passed="1">
  <reporter-output>
  </reporter-output>
  <suite name="Default suite" duration-ms="4428" started-at="2020-04-12T13:55:35 PDT" finished-at="2020-04-12T13:55:39 PDT">
    <groups>
    </groups>
    <test name="Default test" duration-ms="4428" started-at="2020-04-12T13:55:35 PDT" finished-at="2020-04-12T13:55:39 PDT">
      <class name="com.herokuapp.restfulbooker.GetBookingTests">
        <test-method status="PASS" signature="setUp()[pri:0, instance:com.herokuapp.restfulbooker.GetBookingTests@5a8806ef]" name="setUp" is-config="true" duration-ms="552" started-at="2020-04-12T13:55:35 PDT" finished-at="2020-04-12T13:55:35 PDT">
          <reporter-output>
          </reporter-output>
        </test-method> <!-- setUp -->
        <test-method status="PASS" signature="getBookingXMLTest()[pri:0, instance:com.herokuapp.restfulbooker.GetBookingTests@5a8806ef]" name="getBookingXMLTest" duration-ms="3841" started-at="2020-04-12T13:55:35 PDT" finished-at="2020-04-12T13:55:39 PDT">
          <reporter-output>
          </reporter-output>
        </test-method> <!-- getBookingXMLTest -->
      </class> <!-- com.herokuapp.restfulbooker.GetBookingTests -->
    </test> <!-- Default test -->
  </suite> <!-- Default suite -->
</testng-results>
